USUARIO LOGUEADO : Nombre: Corey | Apellido : Gorgen | Legajo : 1 | Corrreo : cgorgen@vendedor.com | Perfil : vendedor | Fecha : 2024-05-22 04:38:32
USUARIO LOGUEADO : Nombre: Michael | Apellido : Jordan | Legajo : 5 | Corrreo : admin@admin.com | Perfil : administrador | Fecha : 2024-05-22 05:41:36
USUARIO LOGUEADO : Nombre: Ingrid | Apellido : Harroll | Legajo : 2 | Corrreo : iharroll@vendedor.com | Perfil : vendedor | Fecha : 2024-05-22 05:43:50
USUARIO LOGUEADO : Nombre: Steve | Apellido : Harris | Legajo : 3 | Corrreo : sharris@maiden.com.uk | Perfil : vendedor | Fecha : 2024-05-22 05:59:49
USUARIO LOGUEADO : Nombre: Tilda | Apellido : Robinson | Legajo : 4 | Corrreo : trobinson@super.com | Perfil : supervisor | Fecha : 2024-05-22 06:09:11
USUARIO LOGUEADO : Nombre: Ingrid | Apellido : Harroll | Legajo : 2 | Corrreo : iharroll@vendedor.com | Perfil : vendedor | Fecha : 2024-05-22 06:35:05
USUARIO LOGUEADO : Nombre: Tilda | Apellido : Robinson | Legajo : 4 | Corrreo : trobinson@super.com | Perfil : supervisor | Fecha : 2024-05-22 06:42:52
USUARIO LOGUEADO : Nombre: Corey | Apellido : Gorgen | Legajo : 1 | Corrreo : cgorgen@vendedor.com | Perfil : vendedor | Fecha : 2024-05-22 06:52:55
USUARIO LOGUEADO : Nombre: Ingrid | Apellido : Harroll | Legajo : 2 | Corrreo : iharroll@vendedor.com | Perfil : vendedor | Fecha : 2024-05-22 06:55:32
USUARIO LOGUEADO : Nombre: Ingrid | Apellido : Harroll | Legajo : 2 | Corrreo : iharroll@vendedor.com | Perfil : vendedor | Fecha : 2024-05-22 07:00:18
USUARIO LOGUEADO : Nombre: Ingrid | Apellido : Harroll | Legajo : 2 | Corrreo : iharroll@vendedor.com | Perfil : vendedor | Fecha : 2024-05-22 07:15:29
USUARIO LOGUEADO : Nombre: Steve | Apellido : Harris | Legajo : 3 | Corrreo : sharris@maiden.com.uk | Perfil : vendedor | Fecha : 2024-05-22 07:30:03
USUARIO LOGUEADO : Nombre: Ingrid | Apellido : Harroll | Legajo : 2 | Corrreo : iharroll@vendedor.com | Perfil : vendedor | Fecha : 2024-05-22 07:35:36
USUARIO LOGUEADO : Nombre: Corey | Apellido : Gorgen | Legajo : 1 | Corrreo : cgorgen@vendedor.com | Perfil : vendedor | Fecha : 2024-05-22 07:57:38
USUARIO LOGUEADO : Nombre: Corey | Apellido : Gorgen | Legajo : 1 | Corrreo : cgorgen@vendedor.com | Perfil : vendedor | Fecha : 2024-05-22 08:02:19
USUARIO LOGUEADO : Nombre: Corey | Apellido : Gorgen | Legajo : 1 | Corrreo : cgorgen@vendedor.com | Perfil : vendedor | Fecha : 2024-05-22 08:06:32
USUARIO LOGUEADO : Nombre: Michael | Apellido : Jordan | Legajo : 5 | Corrreo : admin@admin.com | Perfil : administrador | Fecha : 2024-05-22 09:18:52
USUARIO LOGUEADO : Nombre: Ingrid | Apellido : Harroll | Legajo : 2 | Corrreo : iharroll@vendedor.com | Perfil : vendedor | Fecha : 2024-05-22 09:20:17
USUARIO LOGUEADO : Nombre: Ingrid | Apellido : Harroll | Legajo : 2 | Corrreo : iharroll@vendedor.com | Perfil : vendedor | Fecha : 2024-05-22 09:30:12
USUARIO LOGUEADO : Nombre: Corey | Apellido : Gorgen | Legajo : 1 | Corrreo : cgorgen@vendedor.com | Perfil : vendedor | Fecha : 2024-05-22 09:43:14
USUARIO LOGUEADO : Nombre: Ingrid | Apellido : Harroll | Legajo : 2 | Corrreo : iharroll@vendedor.com | Perfil : vendedor | Fecha : 2024-05-22 09:55:35
USUARIO LOGUEADO : Nombre: Ingrid | Apellido : Harroll | Legajo : 2 | Corrreo : iharroll@vendedor.com | Perfil : vendedor | Fecha : 2024-05-22 10:03:49
USUARIO LOGUEADO : Nombre: Steve | Apellido : Harris | Legajo : 3 | Corrreo : sharris@maiden.com.uk | Perfil : vendedor | Fecha : 2024-05-22 10:18:22
USUARIO LOGUEADO : Nombre: Corey | Apellido : Gorgen | Legajo : 1 | Corrreo : cgorgen@vendedor.com | Perfil : vendedor | Fecha : 2024-05-27 09:11:37
USUARIO LOGUEADO : Nombre: Ingrid | Apellido : Harroll | Legajo : 2 | Corrreo : iharroll@vendedor.com | Perfil : vendedor | Fecha : 2024-05-28 10:44:29
USUARIO LOGUEADO : Nombre: Ingrid | Apellido : Harroll | Legajo : 2 | Corrreo : iharroll@vendedor.com | Perfil : vendedor | Fecha : 2024-05-28 11:13:08
USUARIO LOGUEADO : Nombre: Ingrid | Apellido : Harroll | Legajo : 2 | Corrreo : iharroll@vendedor.com | Perfil : vendedor | Fecha : 2024-05-28 11:19:29
USUARIO LOGUEADO : Nombre: Ingrid | Apellido : Harroll | Legajo : 2 | Corrreo : iharroll@vendedor.com | Perfil : vendedor | Fecha : 2024-05-28 11:29:52
USUARIO LOGUEADO : Nombre: Ingrid | Apellido : Harroll | Legajo : 2 | Corrreo : iharroll@vendedor.com | Perfil : vendedor | Fecha : 2024-05-28 12:04:03
USUARIO LOGUEADO : Nombre: Ingrid | Apellido : Harroll | Legajo : 2 | Corrreo : iharroll@vendedor.com | Perfil : vendedor | Fecha : 2024-05-28 01:09:57
USUARIO LOGUEADO : Nombre: Ingrid | Apellido : Harroll | Legajo : 2 | Corrreo : iharroll@vendedor.com | Perfil : vendedor | Fecha : 2024-05-28 01:16:53
USUARIO LOGUEADO : Nombre: Ingrid | Apellido : Harroll | Legajo : 2 | Corrreo : iharroll@vendedor.com | Perfil : vendedor | Fecha : 2024-05-28 03:32:15
USUARIO LOGUEADO : Nombre: Ingrid | Apellido : Harroll | Legajo : 2 | Corrreo : iharroll@vendedor.com | Perfil : vendedor | Fecha : 2024-05-28 03:45:14
USUARIO LOGUEADO : Nombre: Ingrid | Apellido : Harroll | Legajo : 2 | Corrreo : iharroll@vendedor.com | Perfil : vendedor | Fecha : 2024-05-28 04:32:57
USUARIO LOGUEADO : Nombre: Ingrid | Apellido : Harroll | Legajo : 2 | Corrreo : iharroll@vendedor.com | Perfil : vendedor | Fecha : 2024-05-28 04:56:58
USUARIO LOGUEADO : Nombre: Ingrid | Apellido : Harroll | Legajo : 2 | Corrreo : iharroll@vendedor.com | Perfil : vendedor | Fecha : 2024-05-28 05:33:09
USUARIO LOGUEADO : Nombre: Ingrid | Apellido : Harroll | Legajo : 2 | Corrreo : iharroll@vendedor.com | Perfil : vendedor | Fecha : 2024-05-28 05:47:44
USUARIO LOGUEADO : Nombre: Ingrid | Apellido : Harroll | Legajo : 2 | Corrreo : iharroll@vendedor.com | Perfil : vendedor | Fecha : 2024-05-28 06:42:14
USUARIO LOGUEADO : Nombre: Ingrid | Apellido : Harroll | Legajo : 2 | Corrreo : iharroll@vendedor.com | Perfil : vendedor | Fecha : 2024-05-28 06:45:11
USUARIO LOGUEADO : Nombre: Ingrid | Apellido : Harroll | Legajo : 2 | Corrreo : iharroll@vendedor.com | Perfil : vendedor | Fecha : 2024-05-28 06:55:07
USUARIO LOGUEADO : Nombre: Ingrid | Apellido : Harroll | Legajo : 2 | Corrreo : iharroll@vendedor.com | Perfil : vendedor | Fecha : 2024-05-28 06:56:07
USUARIO LOGUEADO : Nombre: Ingrid | Apellido : Harroll | Legajo : 2 | Corrreo : iharroll@vendedor.com | Perfil : vendedor | Fecha : 2024-05-28 07:07:18
USUARIO LOGUEADO : Nombre: Ingrid | Apellido : Harroll | Legajo : 2 | Corrreo : iharroll@vendedor.com | Perfil : vendedor | Fecha : 2024-05-28 07:09:29
USUARIO LOGUEADO : Nombre: Ingrid | Apellido : Harroll | Legajo : 2 | Corrreo : iharroll@vendedor.com | Perfil : vendedor | Fecha : 2024-05-28 07:13:14
USUARIO LOGUEADO : Nombre: Ingrid | Apellido : Harroll | Legajo : 2 | Corrreo : iharroll@vendedor.com | Perfil : vendedor | Fecha : 2024-05-28 07:20:41
USUARIO LOGUEADO : Nombre: Ingrid | Apellido : Harroll | Legajo : 2 | Corrreo : iharroll@vendedor.com | Perfil : vendedor | Fecha : 2024-05-28 07:39:27
USUARIO LOGUEADO : Nombre: Ingrid | Apellido : Harroll | Legajo : 2 | Corrreo : iharroll@vendedor.com | Perfil : vendedor | Fecha : 2024-05-28 07:41:01
USUARIO LOGUEADO : Nombre: Ingrid | Apellido : Harroll | Legajo : 2 | Corrreo : iharroll@vendedor.com | Perfil : vendedor | Fecha : 2024-05-28 07:46:42
USUARIO LOGUEADO : Nombre: Ingrid | Apellido : Harroll | Legajo : 2 | Corrreo : iharroll@vendedor.com | Perfil : vendedor | Fecha : 2024-05-28 07:48:39
USUARIO LOGUEADO : Nombre: Ingrid | Apellido : Harroll | Legajo : 2 | Corrreo : iharroll@vendedor.com | Perfil : vendedor | Fecha : 2024-05-28 07:50:29
USUARIO LOGUEADO : Nombre: Ingrid | Apellido : Harroll | Legajo : 2 | Corrreo : iharroll@vendedor.com | Perfil : vendedor | Fecha : 2024-05-28 08:03:48
USUARIO LOGUEADO : Nombre: Ingrid | Apellido : Harroll | Legajo : 2 | Corrreo : iharroll@vendedor.com | Perfil : vendedor | Fecha : 2024-05-28 08:09:59
USUARIO LOGUEADO : Nombre: Ingrid | Apellido : Harroll | Legajo : 2 | Corrreo : iharroll@vendedor.com | Perfil : vendedor | Fecha : 2024-05-28 08:13:45
USUARIO LOGUEADO : Nombre: Ingrid | Apellido : Harroll | Legajo : 2 | Corrreo : iharroll@vendedor.com | Perfil : vendedor | Fecha : 2024-05-28 08:19:20
USUARIO LOGUEADO : Nombre: Ingrid | Apellido : Harroll | Legajo : 2 | Corrreo : iharroll@vendedor.com | Perfil : vendedor | Fecha : 2024-05-28 08:24:17
USUARIO LOGUEADO : Nombre: Ingrid | Apellido : Harroll | Legajo : 2 | Corrreo : iharroll@vendedor.com | Perfil : vendedor | Fecha : 2024-05-28 08:33:10
USUARIO LOGUEADO : Nombre: Ingrid | Apellido : Harroll | Legajo : 2 | Corrreo : iharroll@vendedor.com | Perfil : vendedor | Fecha : 2024-05-28 08:36:31
USUARIO LOGUEADO : Nombre: Ingrid | Apellido : Harroll | Legajo : 2 | Corrreo : iharroll@vendedor.com | Perfil : vendedor | Fecha : 2024-05-28 08:37:52
USUARIO LOGUEADO : Nombre: Ingrid | Apellido : Harroll | Legajo : 2 | Corrreo : iharroll@vendedor.com | Perfil : vendedor | Fecha : 2024-05-28 08:40:30
USUARIO LOGUEADO : Nombre: Ingrid | Apellido : Harroll | Legajo : 2 | Corrreo : iharroll@vendedor.com | Perfil : vendedor | Fecha : 2024-05-28 08:45:10
USUARIO LOGUEADO : Nombre: Ingrid | Apellido : Harroll | Legajo : 2 | Corrreo : iharroll@vendedor.com | Perfil : vendedor | Fecha : 2024-05-28 08:50:30
USUARIO LOGUEADO : Nombre: Ingrid | Apellido : Harroll | Legajo : 2 | Corrreo : iharroll@vendedor.com | Perfil : vendedor | Fecha : 2024-05-28 08:54:14
USUARIO LOGUEADO : Nombre: Ingrid | Apellido : Harroll | Legajo : 2 | Corrreo : iharroll@vendedor.com | Perfil : vendedor | Fecha : 2024-05-28 08:56:42
USUARIO LOGUEADO : Nombre: Ingrid | Apellido : Harroll | Legajo : 2 | Corrreo : iharroll@vendedor.com | Perfil : vendedor | Fecha : 2024-05-28 08:57:41
USUARIO LOGUEADO : Nombre: Ingrid | Apellido : Harroll | Legajo : 2 | Corrreo : iharroll@vendedor.com | Perfil : vendedor | Fecha : 2024-05-28 08:59:40
USUARIO LOGUEADO : Nombre: Ingrid | Apellido : Harroll | Legajo : 2 | Corrreo : iharroll@vendedor.com | Perfil : vendedor | Fecha : 2024-05-28 09:04:21
USUARIO LOGUEADO : Nombre: Ingrid | Apellido : Harroll | Legajo : 2 | Corrreo : iharroll@vendedor.com | Perfil : vendedor | Fecha : 2024-05-28 09:07:10
USUARIO LOGUEADO : Nombre: Ingrid | Apellido : Harroll | Legajo : 2 | Corrreo : iharroll@vendedor.com | Perfil : vendedor | Fecha : 2024-05-28 09:10:07
USUARIO LOGUEADO : Nombre: Ingrid | Apellido : Harroll | Legajo : 2 | Corrreo : iharroll@vendedor.com | Perfil : vendedor | Fecha : 2024-05-28 09:22:53
USUARIO LOGUEADO : Nombre: Ingrid | Apellido : Harroll | Legajo : 2 | Corrreo : iharroll@vendedor.com | Perfil : vendedor | Fecha : 2024-05-28 09:32:52
USUARIO LOGUEADO : Nombre: Ingrid | Apellido : Harroll | Legajo : 2 | Corrreo : iharroll@vendedor.com | Perfil : vendedor | Fecha : 2024-05-28 09:44:08
USUARIO LOGUEADO : Nombre: Ingrid | Apellido : Harroll | Legajo : 2 | Corrreo : iharroll@vendedor.com | Perfil : vendedor | Fecha : 2024-05-28 09:55:12
USUARIO LOGUEADO : Nombre: Ingrid | Apellido : Harroll | Legajo : 2 | Corrreo : iharroll@vendedor.com | Perfil : vendedor | Fecha : 2024-05-28 10:00:38
USUARIO LOGUEADO : Nombre: Ingrid | Apellido : Harroll | Legajo : 2 | Corrreo : iharroll@vendedor.com | Perfil : vendedor | Fecha : 2024-05-28 10:12:50
USUARIO LOGUEADO : Nombre: Ingrid | Apellido : Harroll | Legajo : 2 | Corrreo : iharroll@vendedor.com | Perfil : vendedor | Fecha : 2024-05-28 10:16:05
USUARIO LOGUEADO : Nombre: Ingrid | Apellido : Harroll | Legajo : 2 | Corrreo : iharroll@vendedor.com | Perfil : vendedor | Fecha : 2024-05-28 10:22:29
USUARIO LOGUEADO : Nombre: Corey | Apellido : Gorgen | Legajo : 1 | Corrreo : cgorgen@vendedor.com | Perfil : vendedor | Fecha : 2024-06-15 06:48:02
USUARIO LOGUEADO : Nombre: Steve | Apellido : Harris | Legajo : 3 | Corrreo : sharris@maiden.com.uk | Perfil : vendedor | Fecha : 2024-06-15 11:34:31
USUARIO LOGUEADO : Nombre: Ingrid | Apellido : Harroll | Legajo : 2 | Corrreo : iharroll@vendedor.com | Perfil : vendedor | Fecha : 2024-06-15 11:36:39
USUARIO LOGUEADO : Nombre: Ingrid | Apellido : Harroll | Legajo : 2 | Corrreo : iharroll@vendedor.com | Perfil : vendedor | Fecha : 2024-06-15 11:37:24
USUARIO LOGUEADO : Nombre: Tilda | Apellido : Robinson | Legajo : 4 | Corrreo : trobinson@super.com | Perfil : supervisor | Fecha : 2024-06-15 11:41:02
USUARIO LOGUEADO : Nombre: Corey | Apellido : Gorgen | Legajo : 1 | Corrreo : cgorgen@vendedor.com | Perfil : vendedor | Fecha : 2024-06-15 11:43:37
USUARIO LOGUEADO : Nombre: Corey | Apellido : Gorgen | Legajo : 1 | Corrreo : cgorgen@vendedor.com | Perfil : vendedor | Fecha : 2024-06-15 11:44:15
USUARIO LOGUEADO : Nombre: Corey | Apellido : Gorgen | Legajo : 1 | Corrreo : cgorgen@vendedor.com | Perfil : vendedor | Fecha : 2024-06-15 11:45:28
USUARIO LOGUEADO : Nombre: Corey | Apellido : Gorgen | Legajo : 1 | Corrreo : cgorgen@vendedor.com | Perfil : vendedor | Fecha : 2024-06-15 11:47:07
USUARIO LOGUEADO : Nombre: Michael | Apellido : Jordan | Legajo : 5 | Corrreo : admin@admin.com | Perfil : administrador | Fecha : 2024-06-15 11:50:34
USUARIO LOGUEADO : Nombre: Michael | Apellido : Jordan | Legajo : 5 | Corrreo : admin@admin.com | Perfil : administrador | Fecha : 2024-06-15 11:52:25
USUARIO LOGUEADO : Nombre: Michael | Apellido : Jordan | Legajo : 5 | Corrreo : admin@admin.com | Perfil : administrador | Fecha : 2024-06-15 11:53:23
USUARIO LOGUEADO : Nombre: Michael | Apellido : Jordan | Legajo : 5 | Corrreo : admin@admin.com | Perfil : administrador | Fecha : 2024-06-15 11:54:18
USUARIO LOGUEADO : Nombre: Michael | Apellido : Jordan | Legajo : 5 | Corrreo : admin@admin.com | Perfil : administrador | Fecha : 2024-06-15 11:56:13
USUARIO LOGUEADO : Nombre: Corey | Apellido : Gorgen | Legajo : 1 | Corrreo : cgorgen@vendedor.com | Perfil : vendedor | Fecha : 2024-06-16 12:16:27
USUARIO LOGUEADO : Nombre: Steve | Apellido : Harris | Legajo : 3 | Corrreo : sharris@maiden.com.uk | Perfil : vendedor | Fecha : 2024-06-16 12:23:29
USUARIO LOGUEADO : Nombre: Corey | Apellido : Gorgen | Legajo : 1 | Corrreo : cgorgen@vendedor.com | Perfil : vendedor | Fecha : 2024-06-16 10:57:30
USUARIO LOGUEADO : Nombre: Corey | Apellido : Gorgen | Legajo : 1 | Corrreo : cgorgen@vendedor.com | Perfil : vendedor | Fecha : 2024-06-16 10:58:09
USUARIO LOGUEADO : Nombre: Corey | Apellido : Gorgen | Legajo : 1 | Corrreo : cgorgen@vendedor.com | Perfil : vendedor | Fecha : 2024-06-16 11:02:07
USUARIO LOGUEADO : Nombre: Corey | Apellido : Gorgen | Legajo : 1 | Corrreo : cgorgen@vendedor.com | Perfil : vendedor | Fecha : 2024-06-16 11:43:03
USUARIO LOGUEADO : Nombre: Steve | Apellido : Harris | Legajo : 3 | Corrreo : sharris@maiden.com.uk | Perfil : vendedor | Fecha : 2024-06-16 11:45:56
USUARIO LOGUEADO : Nombre: Corey | Apellido : Gorgen | Legajo : 1 | Corrreo : cgorgen@vendedor.com | Perfil : vendedor | Fecha : 2024-06-16 11:57:15
USUARIO LOGUEADO : Nombre: Ingrid | Apellido : Harroll | Legajo : 2 | Corrreo : iharroll@vendedor.com | Perfil : vendedor | Fecha : 2024-06-17 12:00:02
USUARIO LOGUEADO : Nombre: Tilda | Apellido : Robinson | Legajo : 4 | Corrreo : trobinson@super.com | Perfil : supervisor | Fecha : 2024-06-17 12:07:29
USUARIO LOGUEADO : Nombre: Michael | Apellido : Jordan | Legajo : 5 | Corrreo : admin@admin.com | Perfil : administrador | Fecha : 2024-06-28 09:55:59
USUARIO LOGUEADO : Nombre: Michael | Apellido : Jordan | Legajo : 5 | Corrreo : admin@admin.com | Perfil : administrador | Fecha : 2024-06-28 10:01:57
USUARIO LOGUEADO : Nombre: Michael | Apellido : Jordan | Legajo : 5 | Corrreo : admin@admin.com | Perfil : administrador | Fecha : 2024-06-28 10:34:54
USUARIO LOGUEADO : Nombre: Michael | Apellido : Jordan | Legajo : 5 | Corrreo : admin@admin.com | Perfil : administrador | Fecha : 2024-06-28 10:38:03
USUARIO LOGUEADO : Nombre: Michael | Apellido : Jordan | Legajo : 5 | Corrreo : admin@admin.com | Perfil : administrador | Fecha : 2024-06-28 11:52:01
USUARIO LOGUEADO : Nombre: Michael | Apellido : Jordan | Legajo : 5 | Corrreo : admin@admin.com | Perfil : administrador | Fecha : 2024-06-28 11:55:04
USUARIO LOGUEADO : Nombre: Michael | Apellido : Jordan | Legajo : 5 | Corrreo : admin@admin.com | Perfil : administrador | Fecha : 2024-06-29 12:14:56
USUARIO LOGUEADO : Nombre: Michael | Apellido : Jordan | Legajo : 5 | Corrreo : admin@admin.com | Perfil : administrador | Fecha : 2024-06-29 12:52:54
USUARIO LOGUEADO : Nombre: Michael | Apellido : Jordan | Legajo : 5 | Corrreo : admin@admin.com | Perfil : administrador | Fecha : 2024-06-29 12:54:29
USUARIO LOGUEADO : Nombre: Michael | Apellido : Jordan | Legajo : 5 | Corrreo : admin@admin.com | Perfil : administrador | Fecha : 2024-06-29 01:01:15
USUARIO LOGUEADO : Nombre: Michael | Apellido : Jordan | Legajo : 5 | Corrreo : admin@admin.com | Perfil : administrador | Fecha : 2024-06-29 01:12:18
USUARIO LOGUEADO : Nombre: Michael | Apellido : Jordan | Legajo : 5 | Corrreo : admin@admin.com | Perfil : administrador | Fecha : 2024-06-29 01:12:57
USUARIO LOGUEADO : Nombre: Michael | Apellido : Jordan | Legajo : 5 | Corrreo : admin@admin.com | Perfil : administrador | Fecha : 2024-06-29 01:17:50
USUARIO LOGUEADO : Nombre: Michael | Apellido : Jordan | Legajo : 5 | Corrreo : admin@admin.com | Perfil : administrador | Fecha : 2024-06-29 01:20:47
USUARIO LOGUEADO : Nombre: Michael | Apellido : Jordan | Legajo : 5 | Corrreo : admin@admin.com | Perfil : administrador | Fecha : 2024-06-29 01:22:34
USUARIO LOGUEADO : Nombre: Michael | Apellido : Jordan | Legajo : 5 | Corrreo : admin@admin.com | Perfil : administrador | Fecha : 2024-06-29 01:27:19
USUARIO LOGUEADO : Nombre: Michael | Apellido : Jordan | Legajo : 5 | Corrreo : admin@admin.com | Perfil : administrador | Fecha : 2024-06-29 01:30:53
USUARIO LOGUEADO : Nombre: Michael | Apellido : Jordan | Legajo : 5 | Corrreo : admin@admin.com | Perfil : administrador | Fecha : 2024-06-29 01:16:31
USUARIO LOGUEADO : Nombre: Michael | Apellido : Jordan | Legajo : 5 | Corrreo : admin@admin.com | Perfil : administrador | Fecha : 2024-06-29 01:23:03
USUARIO LOGUEADO : Nombre: Michael | Apellido : Jordan | Legajo : 5 | Corrreo : admin@admin.com | Perfil : administrador | Fecha : 2024-06-29 01:26:41
USUARIO LOGUEADO : Nombre: Michael | Apellido : Jordan | Legajo : 5 | Corrreo : admin@admin.com | Perfil : administrador | Fecha : 2024-06-29 02:50:02
USUARIO LOGUEADO : Nombre: Michael | Apellido : Jordan | Legajo : 5 | Corrreo : admin@admin.com | Perfil : administrador | Fecha : 2024-06-29 02:58:24
USUARIO LOGUEADO : Nombre: Michael | Apellido : Jordan | Legajo : 5 | Corrreo : admin@admin.com | Perfil : administrador | Fecha : 2024-06-29 03:02:35
USUARIO LOGUEADO : Nombre: Michael | Apellido : Jordan | Legajo : 5 | Corrreo : admin@admin.com | Perfil : administrador | Fecha : 2024-06-29 03:06:30
USUARIO LOGUEADO : Nombre: Michael | Apellido : Jordan | Legajo : 5 | Corrreo : admin@admin.com | Perfil : administrador | Fecha : 2024-06-29 03:13:47
USUARIO LOGUEADO : Nombre: Michael | Apellido : Jordan | Legajo : 5 | Corrreo : admin@admin.com | Perfil : administrador | Fecha : 2024-06-29 05:02:14
USUARIO LOGUEADO : Nombre: Michael | Apellido : Jordan | Legajo : 5 | Corrreo : admin@admin.com | Perfil : administrador | Fecha : 2024-06-29 05:04:38
USUARIO LOGUEADO : Nombre: Michael | Apellido : Jordan | Legajo : 5 | Corrreo : admin@admin.com | Perfil : administrador | Fecha : 2024-06-29 05:06:31
USUARIO LOGUEADO : Nombre: Michael | Apellido : Jordan | Legajo : 5 | Corrreo : admin@admin.com | Perfil : administrador | Fecha : 2024-06-29 05:07:49
USUARIO LOGUEADO : Nombre: Michael | Apellido : Jordan | Legajo : 5 | Corrreo : admin@admin.com | Perfil : administrador | Fecha : 2024-06-29 05:24:50
USUARIO LOGUEADO : Nombre: Michael | Apellido : Jordan | Legajo : 5 | Corrreo : admin@admin.com | Perfil : administrador | Fecha : 2024-06-29 05:33:14
USUARIO LOGUEADO : Nombre: Michael | Apellido : Jordan | Legajo : 5 | Corrreo : admin@admin.com | Perfil : administrador | Fecha : 2024-06-29 05:37:45
USUARIO LOGUEADO : Nombre: Michael | Apellido : Jordan | Legajo : 5 | Corrreo : admin@admin.com | Perfil : administrador | Fecha : 2024-06-29 05:39:53
USUARIO LOGUEADO : Nombre: Michael | Apellido : Jordan | Legajo : 5 | Corrreo : admin@admin.com | Perfil : administrador | Fecha : 2024-06-29 05:42:00
USUARIO LOGUEADO : Nombre: Michael | Apellido : Jordan | Legajo : 5 | Corrreo : admin@admin.com | Perfil : administrador | Fecha : 2024-06-29 05:46:13
USUARIO LOGUEADO : Nombre: Michael | Apellido : Jordan | Legajo : 5 | Corrreo : admin@admin.com | Perfil : administrador | Fecha : 2024-06-29 05:47:09
USUARIO LOGUEADO : Nombre: Michael | Apellido : Jordan | Legajo : 5 | Corrreo : admin@admin.com | Perfil : administrador | Fecha : 2024-06-29 05:47:54
USUARIO LOGUEADO : Nombre: Michael | Apellido : Jordan | Legajo : 5 | Corrreo : admin@admin.com | Perfil : administrador | Fecha : 2024-06-29 05:50:52
USUARIO LOGUEADO : Nombre: Michael | Apellido : Jordan | Legajo : 5 | Corrreo : admin@admin.com | Perfil : administrador | Fecha : 2024-06-29 05:51:34
USUARIO LOGUEADO : Nombre: Michael | Apellido : Jordan | Legajo : 5 | Corrreo : admin@admin.com | Perfil : administrador | Fecha : 2024-06-29 05:52:05
USUARIO LOGUEADO : Nombre: Michael | Apellido : Jordan | Legajo : 5 | Corrreo : admin@admin.com | Perfil : administrador | Fecha : 2024-06-29 06:00:56
USUARIO LOGUEADO : Nombre: Michael | Apellido : Jordan | Legajo : 5 | Corrreo : admin@admin.com | Perfil : administrador | Fecha : 2024-06-29 06:05:04
USUARIO LOGUEADO : Nombre: Michael | Apellido : Jordan | Legajo : 5 | Corrreo : admin@admin.com | Perfil : administrador | Fecha : 2024-06-29 06:06:43
USUARIO LOGUEADO : Nombre: Michael | Apellido : Jordan | Legajo : 5 | Corrreo : admin@admin.com | Perfil : administrador | Fecha : 2024-06-29 06:15:06
USUARIO LOGUEADO : Nombre: Michael | Apellido : Jordan | Legajo : 5 | Corrreo : admin@admin.com | Perfil : administrador | Fecha : 2024-06-29 06:17:30
USUARIO LOGUEADO : Nombre: Michael | Apellido : Jordan | Legajo : 5 | Corrreo : admin@admin.com | Perfil : administrador | Fecha : 2024-06-29 06:22:20
USUARIO LOGUEADO : Nombre: Michael | Apellido : Jordan | Legajo : 5 | Corrreo : admin@admin.com | Perfil : administrador | Fecha : 2024-06-29 06:28:28
USUARIO LOGUEADO : Nombre: Michael | Apellido : Jordan | Legajo : 5 | Corrreo : admin@admin.com | Perfil : administrador | Fecha : 2024-06-29 06:41:00
USUARIO LOGUEADO : Nombre: Michael | Apellido : Jordan | Legajo : 5 | Corrreo : admin@admin.com | Perfil : administrador | Fecha : 2024-06-29 06:43:59
USUARIO LOGUEADO : Nombre: Michael | Apellido : Jordan | Legajo : 5 | Corrreo : admin@admin.com | Perfil : administrador | Fecha : 2024-06-29 06:47:16
USUARIO LOGUEADO : Nombre: Michael | Apellido : Jordan | Legajo : 5 | Corrreo : admin@admin.com | Perfil : administrador | Fecha : 2024-06-29 06:49:08
USUARIO LOGUEADO : Nombre: Michael | Apellido : Jordan | Legajo : 5 | Corrreo : admin@admin.com | Perfil : administrador | Fecha : 2024-06-29 06:57:50
USUARIO LOGUEADO : Nombre: Michael | Apellido : Jordan | Legajo : 5 | Corrreo : admin@admin.com | Perfil : administrador | Fecha : 2024-06-29 07:01:42
USUARIO LOGUEADO : Nombre: Michael | Apellido : Jordan | Legajo : 5 | Corrreo : admin@admin.com | Perfil : administrador | Fecha : 2024-06-29 07:06:38
USUARIO LOGUEADO : Nombre: Michael | Apellido : Jordan | Legajo : 5 | Corrreo : admin@admin.com | Perfil : administrador | Fecha : 2024-06-29 07:17:24
USUARIO LOGUEADO : Nombre: Michael | Apellido : Jordan | Legajo : 5 | Corrreo : admin@admin.com | Perfil : administrador | Fecha : 2024-06-29 07:25:08
USUARIO LOGUEADO : Nombre: Michael | Apellido : Jordan | Legajo : 5 | Corrreo : admin@admin.com | Perfil : administrador | Fecha : 2024-06-29 07:27:09
USUARIO LOGUEADO : Nombre: Michael | Apellido : Jordan | Legajo : 5 | Corrreo : admin@admin.com | Perfil : administrador | Fecha : 2024-06-29 07:32:01
USUARIO LOGUEADO : Nombre: Michael | Apellido : Jordan | Legajo : 5 | Corrreo : admin@admin.com | Perfil : administrador | Fecha : 2024-06-29 07:35:26
USUARIO LOGUEADO : Nombre: Michael | Apellido : Jordan | Legajo : 5 | Corrreo : admin@admin.com | Perfil : administrador | Fecha : 2024-06-29 07:40:36
USUARIO LOGUEADO : Nombre: Michael | Apellido : Jordan | Legajo : 5 | Corrreo : admin@admin.com | Perfil : administrador | Fecha : 2024-06-29 07:44:11
USUARIO LOGUEADO : Nombre: Michael | Apellido : Jordan | Legajo : 5 | Corrreo : admin@admin.com | Perfil : administrador | Fecha : 2024-06-30 12:57:03
USUARIO LOGUEADO : Nombre: Michael | Apellido : Jordan | Legajo : 5 | Corrreo : admin@admin.com | Perfil : administrador | Fecha : 2024-06-30 03:44:22
USUARIO LOGUEADO : Nombre: Michael | Apellido : Jordan | Legajo : 5 | Corrreo : admin@admin.com | Perfil : administrador | Fecha : 2024-06-30 04:46:41
USUARIO LOGUEADO : Nombre: Michael | Apellido : Jordan | Legajo : 5 | Corrreo : admin@admin.com | Perfil : administrador | Fecha : 2024-06-30 06:21:39
USUARIO LOGUEADO : Nombre: Michael | Apellido : Jordan | Legajo : 5 | Corrreo : admin@admin.com | Perfil : administrador | Fecha : 2024-06-30 08:36:11
USUARIO LOGUEADO : Nombre: Michael | Apellido : Jordan | Legajo : 5 | Corrreo : admin@admin.com | Perfil : administrador | Fecha : 2024-06-30 08:55:48
USUARIO LOGUEADO : Nombre: Michael | Apellido : Jordan | Legajo : 5 | Corrreo : admin@admin.com | Perfil : administrador | Fecha : 2024-06-30 08:59:53
USUARIO LOGUEADO : Nombre: Michael | Apellido : Jordan | Legajo : 5 | Corrreo : admin@admin.com | Perfil : administrador | Fecha : 2024-06-30 09:06:50
USUARIO LOGUEADO : Nombre: Michael | Apellido : Jordan | Legajo : 5 | Corrreo : admin@admin.com | Perfil : administrador | Fecha : 2024-06-30 09:18:08
USUARIO LOGUEADO : Nombre: Michael | Apellido : Jordan | Legajo : 5 | Corrreo : admin@admin.com | Perfil : administrador | Fecha : 2024-06-30 09:51:42
USUARIO LOGUEADO : Nombre: Michael | Apellido : Jordan | Legajo : 5 | Corrreo : admin@admin.com | Perfil : administrador | Fecha : 2024-06-30 10:08:15
USUARIO LOGUEADO : Nombre: Michael | Apellido : Jordan | Legajo : 5 | Corrreo : admin@admin.com | Perfil : administrador | Fecha : 2024-06-30 11:12:07
USUARIO LOGUEADO : Nombre: Michael | Apellido : Jordan | Legajo : 5 | Corrreo : admin@admin.com | Perfil : administrador | Fecha : 2024-06-30 11:15:11
USUARIO LOGUEADO : Nombre: Michael | Apellido : Jordan | Legajo : 5 | Corrreo : admin@admin.com | Perfil : administrador | Fecha : 2024-06-30 11:19:49
USUARIO LOGUEADO : Nombre: Michael | Apellido : Jordan | Legajo : 5 | Corrreo : admin@admin.com | Perfil : administrador | Fecha : 2024-06-30 11:30:20
USUARIO LOGUEADO : Nombre: Michael | Apellido : Jordan | Legajo : 5 | Corrreo : admin@admin.com | Perfil : administrador | Fecha : 2024-06-30 11:33:56
USUARIO LOGUEADO : Nombre: Michael | Apellido : Jordan | Legajo : 5 | Corrreo : admin@admin.com | Perfil : administrador | Fecha : 2024-06-30 11:34:20
USUARIO LOGUEADO : Nombre: Michael | Apellido : Jordan | Legajo : 5 | Corrreo : admin@admin.com | Perfil : administrador | Fecha : 2024-06-30 11:37:28
USUARIO LOGUEADO : Nombre: Michael | Apellido : Jordan | Legajo : 5 | Corrreo : admin@admin.com | Perfil : administrador | Fecha : 2024-06-30 11:47:33
USUARIO LOGUEADO : Nombre: Michael | Apellido : Jordan | Legajo : 5 | Corrreo : admin@admin.com | Perfil : administrador | Fecha : 2024-07-01 12:02:44
USUARIO LOGUEADO : Nombre: Michael | Apellido : Jordan | Legajo : 5 | Corrreo : admin@admin.com | Perfil : administrador | Fecha : 2024-07-01 12:16:08
USUARIO LOGUEADO : Nombre: Michael | Apellido : Jordan | Legajo : 5 | Corrreo : admin@admin.com | Perfil : administrador | Fecha : 2024-07-01 12:26:03
USUARIO LOGUEADO : Nombre: Michael | Apellido : Jordan | Legajo : 5 | Corrreo : admin@admin.com | Perfil : administrador | Fecha : 2024-07-01 12:34:55
USUARIO LOGUEADO : Nombre: Michael | Apellido : Jordan | Legajo : 5 | Corrreo : admin@admin.com | Perfil : administrador | Fecha : 2024-07-01 12:39:06
USUARIO LOGUEADO : Nombre: Michael | Apellido : Jordan | Legajo : 5 | Corrreo : admin@admin.com | Perfil : administrador | Fecha : 2024-07-01 12:43:09
USUARIO LOGUEADO : Nombre: Michael | Apellido : Jordan | Legajo : 5 | Corrreo : admin@admin.com | Perfil : administrador | Fecha : 2024-07-01 12:43:52
USUARIO LOGUEADO : Nombre: Michael | Apellido : Jordan | Legajo : 5 | Corrreo : admin@admin.com | Perfil : administrador | Fecha : 2024-07-01 11:54:24
USUARIO LOGUEADO : Nombre: Michael | Apellido : Jordan | Legajo : 5 | Corrreo : admin@admin.com | Perfil : administrador | Fecha : 2024-07-01 11:56:36
USUARIO LOGUEADO : Nombre: Michael | Apellido : Jordan | Legajo : 5 | Corrreo : admin@admin.com | Perfil : administrador | Fecha : 2024-07-01 11:59:31
USUARIO LOGUEADO : Nombre: Michael | Apellido : Jordan | Legajo : 5 | Corrreo : admin@admin.com | Perfil : administrador | Fecha : 2024-07-01 12:01:56
USUARIO LOGUEADO : Nombre: Michael | Apellido : Jordan | Legajo : 5 | Corrreo : admin@admin.com | Perfil : administrador | Fecha : 2024-07-01 12:06:13
USUARIO LOGUEADO : Nombre: Michael | Apellido : Jordan | Legajo : 5 | Corrreo : admin@admin.com | Perfil : administrador | Fecha : 2024-07-01 12:15:36
USUARIO LOGUEADO : Nombre: Michael | Apellido : Jordan | Legajo : 5 | Corrreo : admin@admin.com | Perfil : administrador | Fecha : 2024-07-01 12:18:07
USUARIO LOGUEADO : Nombre: Michael | Apellido : Jordan | Legajo : 5 | Corrreo : admin@admin.com | Perfil : administrador | Fecha : 2024-07-01 12:38:27
USUARIO LOGUEADO : Nombre: Michael | Apellido : Jordan | Legajo : 5 | Corrreo : admin@admin.com | Perfil : administrador | Fecha : 2024-07-01 12:39:54
USUARIO LOGUEADO : Nombre: Michael | Apellido : Jordan | Legajo : 5 | Corrreo : admin@admin.com | Perfil : administrador | Fecha : 2024-07-01 12:42:52
USUARIO LOGUEADO : Nombre: Michael | Apellido : Jordan | Legajo : 5 | Corrreo : admin@admin.com | Perfil : administrador | Fecha : 2024-07-01 12:46:00
USUARIO LOGUEADO : Nombre: Michael | Apellido : Jordan | Legajo : 5 | Corrreo : admin@admin.com | Perfil : administrador | Fecha : 2024-07-01 12:55:56
USUARIO LOGUEADO : Nombre: Michael | Apellido : Jordan | Legajo : 5 | Corrreo : admin@admin.com | Perfil : administrador | Fecha : 2024-07-01 01:12:10
USUARIO LOGUEADO : Nombre: Michael | Apellido : Jordan | Legajo : 5 | Corrreo : admin@admin.com | Perfil : administrador | Fecha : 2024-07-01 01:15:47
USUARIO LOGUEADO : Nombre: Michael | Apellido : Jordan | Legajo : 5 | Corrreo : admin@admin.com | Perfil : administrador | Fecha : 2024-07-01 02:38:14
USUARIO LOGUEADO : Nombre: Michael | Apellido : Jordan | Legajo : 5 | Corrreo : admin@admin.com | Perfil : administrador | Fecha : 2024-07-01 02:38:52
USUARIO LOGUEADO : Nombre: Michael | Apellido : Jordan | Legajo : 5 | Corrreo : admin@admin.com | Perfil : administrador | Fecha : 2024-07-01 07:21:05
USUARIO LOGUEADO : Nombre: Michael | Apellido : Jordan | Legajo : 5 | Corrreo : admin@admin.com | Perfil : administrador | Fecha : 2024-07-02 09:47:55
USUARIO LOGUEADO : Nombre: Michael | Apellido : Jordan | Legajo : 5 | Corrreo : admin@admin.com | Perfil : administrador | Fecha : 2024-07-02 09:49:27
USUARIO LOGUEADO : Nombre: Michael | Apellido : Jordan | Legajo : 5 | Corrreo : admin@admin.com | Perfil : administrador | Fecha : 2024-07-02 09:51:54
USUARIO LOGUEADO : Nombre: Michael | Apellido : Jordan | Legajo : 5 | Corrreo : admin@admin.com | Perfil : administrador | Fecha : 2024-07-02 09:54:51
USUARIO LOGUEADO : Nombre: Michael | Apellido : Jordan | Legajo : 5 | Corrreo : admin@admin.com | Perfil : administrador | Fecha : 2024-07-02 09:58:27
USUARIO LOGUEADO : Nombre: Corey | Apellido : Gorgen | Legajo : 1 | Corrreo : cgorgen@vendedor.com | Perfil : vendedor | Fecha : 2024-07-02 10:52:19
USUARIO LOGUEADO : Nombre: Corey | Apellido : Gorgen | Legajo : 1 | Corrreo : cgorgen@vendedor.com | Perfil : vendedor | Fecha : 2024-07-02 10:53:06
USUARIO LOGUEADO : Nombre: Corey | Apellido : Gorgen | Legajo : 1 | Corrreo : cgorgen@vendedor.com | Perfil : vendedor | Fecha : 2024-07-02 10:56:38
USUARIO LOGUEADO : Nombre: Corey | Apellido : Gorgen | Legajo : 1 | Corrreo : cgorgen@vendedor.com | Perfil : vendedor | Fecha : 2024-07-02 10:58:30
USUARIO LOGUEADO : Nombre: Corey | Apellido : Gorgen | Legajo : 1 | Corrreo : cgorgen@vendedor.com | Perfil : vendedor | Fecha : 2024-07-02 11:02:09
USUARIO LOGUEADO : Nombre: Corey | Apellido : Gorgen | Legajo : 1 | Corrreo : cgorgen@vendedor.com | Perfil : vendedor | Fecha : 2024-07-02 11:06:31
USUARIO LOGUEADO : Nombre: Corey | Apellido : Gorgen | Legajo : 1 | Corrreo : cgorgen@vendedor.com | Perfil : vendedor | Fecha : 2024-07-02 11:08:34
USUARIO LOGUEADO : Nombre: Corey | Apellido : Gorgen | Legajo : 1 | Corrreo : cgorgen@vendedor.com | Perfil : vendedor | Fecha : 2024-07-02 11:11:08
USUARIO LOGUEADO : Nombre: Corey | Apellido : Gorgen | Legajo : 1 | Corrreo : cgorgen@vendedor.com | Perfil : vendedor | Fecha : 2024-07-02 11:14:56
USUARIO LOGUEADO : Nombre: Corey | Apellido : Gorgen | Legajo : 1 | Corrreo : cgorgen@vendedor.com | Perfil : vendedor | Fecha : 2024-07-02 11:15:56
USUARIO LOGUEADO : Nombre: Corey | Apellido : Gorgen | Legajo : 1 | Corrreo : cgorgen@vendedor.com | Perfil : vendedor | Fecha : 2024-07-02 11:17:09
USUARIO LOGUEADO : Nombre: Corey | Apellido : Gorgen | Legajo : 1 | Corrreo : cgorgen@vendedor.com | Perfil : vendedor | Fecha : 2024-07-02 11:18:13
USUARIO LOGUEADO : Nombre: Corey | Apellido : Gorgen | Legajo : 1 | Corrreo : cgorgen@vendedor.com | Perfil : vendedor | Fecha : 2024-07-02 11:18:14
USUARIO LOGUEADO : Nombre: Corey | Apellido : Gorgen | Legajo : 1 | Corrreo : cgorgen@vendedor.com | Perfil : vendedor | Fecha : 2024-07-02 11:18:46
USUARIO LOGUEADO : Nombre: Corey | Apellido : Gorgen | Legajo : 1 | Corrreo : cgorgen@vendedor.com | Perfil : vendedor | Fecha : 2024-07-02 11:19:17
USUARIO LOGUEADO : Nombre: Ingrid | Apellido : Harroll | Legajo : 2 | Corrreo : iharroll@vendedor.com | Perfil : vendedor | Fecha : 2024-07-02 11:20:31
USUARIO LOGUEADO : Nombre: Ingrid | Apellido : Harroll | Legajo : 2 | Corrreo : iharroll@vendedor.com | Perfil : vendedor | Fecha : 2024-07-02 11:22:54
USUARIO LOGUEADO : Nombre: Corey | Apellido : Gorgen | Legajo : 1 | Corrreo : cgorgen@vendedor.com | Perfil : vendedor | Fecha : 2024-07-02 11:33:11
USUARIO LOGUEADO : Nombre: Corey | Apellido : Gorgen | Legajo : 1 | Corrreo : cgorgen@vendedor.com | Perfil : vendedor | Fecha : 2024-07-02 11:42:26
USUARIO LOGUEADO : Nombre: Corey | Apellido : Gorgen | Legajo : 1 | Corrreo : cgorgen@vendedor.com | Perfil : vendedor | Fecha : 2024-07-02 11:43:38
USUARIO LOGUEADO : Nombre: Ingrid | Apellido : Harroll | Legajo : 2 | Corrreo : iharroll@vendedor.com | Perfil : vendedor | Fecha : 2024-07-02 11:44:32
USUARIO LOGUEADO : Nombre: Corey | Apellido : Gorgen | Legajo : 1 | Corrreo : cgorgen@vendedor.com | Perfil : vendedor | Fecha : 2024-07-02 11:51:32
USUARIO LOGUEADO : Nombre: Michael | Apellido : Jordan | Legajo : 5 | Corrreo : admin@admin.com | Perfil : administrador | Fecha : 2024-07-02 02:09:29
USUARIO LOGUEADO : Nombre: Michael | Apellido : Jordan | Legajo : 5 | Corrreo : admin@admin.com | Perfil : administrador | Fecha : 2024-07-02 02:14:31
USUARIO LOGUEADO : Nombre: Michael | Apellido : Jordan | Legajo : 5 | Corrreo : admin@admin.com | Perfil : administrador | Fecha : 2024-07-02 02:28:18
USUARIO LOGUEADO : Nombre: Michael | Apellido : Jordan | Legajo : 5 | Corrreo : admin@admin.com | Perfil : administrador | Fecha : 2024-07-02 02:33:26
USUARIO LOGUEADO : Nombre: Michael | Apellido : Jordan | Legajo : 5 | Corrreo : admin@admin.com | Perfil : administrador | Fecha : 2024-07-02 02:36:20
USUARIO LOGUEADO : Nombre: Michael | Apellido : Jordan | Legajo : 5 | Corrreo : admin@admin.com | Perfil : administrador | Fecha : 2024-07-02 02:40:48
USUARIO LOGUEADO : Nombre: Michael | Apellido : Jordan | Legajo : 5 | Corrreo : admin@admin.com | Perfil : administrador | Fecha : 2024-07-02 02:45:26
USUARIO LOGUEADO : Nombre: Michael | Apellido : Jordan | Legajo : 5 | Corrreo : admin@admin.com | Perfil : administrador | Fecha : 2024-07-02 02:53:35
USUARIO LOGUEADO : Nombre: Michael | Apellido : Jordan | Legajo : 5 | Corrreo : admin@admin.com | Perfil : administrador | Fecha : 2024-07-02 02:57:21
USUARIO LOGUEADO : Nombre: Michael | Apellido : Jordan | Legajo : 5 | Corrreo : admin@admin.com | Perfil : administrador | Fecha : 2024-07-02 02:58:01
USUARIO LOGUEADO : Nombre: Michael | Apellido : Jordan | Legajo : 5 | Corrreo : admin@admin.com | Perfil : administrador | Fecha : 2024-07-02 03:07:23
USUARIO LOGUEADO : Nombre: Michael | Apellido : Jordan | Legajo : 5 | Corrreo : admin@admin.com | Perfil : administrador | Fecha : 2024-07-02 03:15:05
USUARIO LOGUEADO : Nombre: Michael | Apellido : Jordan | Legajo : 5 | Corrreo : admin@admin.com | Perfil : administrador | Fecha : 2024-07-02 03:22:09
USUARIO LOGUEADO : Nombre: Michael | Apellido : Jordan | Legajo : 5 | Corrreo : admin@admin.com | Perfil : administrador | Fecha : 2024-07-02 03:23:58
USUARIO LOGUEADO : Nombre: Michael | Apellido : Jordan | Legajo : 5 | Corrreo : admin@admin.com | Perfil : administrador | Fecha : 2024-07-02 03:29:08
USUARIO LOGUEADO : Nombre: Michael | Apellido : Jordan | Legajo : 5 | Corrreo : admin@admin.com | Perfil : administrador | Fecha : 2024-07-02 08:52:30
USUARIO LOGUEADO : Nombre: Steve | Apellido : Harris | Legajo : 3 | Corrreo : sharris@maiden.com.uk | Perfil : vendedor | Fecha : 2024-07-02 08:53:42
